2011-11-18 00:06:17 Error: Fatal Error (256): ConnectionManager::getDataSource - Non-existent data source default in [/var/www/crdb/cake/libs/model/connection_manager.php, line 102]
2011-11-18 00:27:10 Warning: Warning (512): <span style="color:Red;text-align:left"><b>SQL Error:</b> 1054: Unknown column 'onyomi' in 'where clause'</span> in [/var/www/crdb/cake/libs/model/datasources/dbo_source.php, line 684]
2011-11-18 00:28:12 Warning: Warning (512): <span style="color:Red;text-align:left"><b>SQL Error:</b> 1267: Illegal mix of collations (latin1_swedish_ci,IMPLICIT) and (utf8_general_ci,COERCIBLE) for operation '='</span> in [/var/www/crdb/cake/libs/model/datasources/dbo_source.php, line 684]
2011-11-18 00:29:14 Warning: Warning (512): <span style="color:Red;text-align:left"><b>SQL Error:</b> 1267: Illegal mix of collations (latin1_swedish_ci,IMPLICIT) and (utf8_general_ci,COERCIBLE) for operation '='</span> in [/var/www/crdb/cake/libs/model/datasources/dbo_source.php, line 684]
2011-11-18 00:29:41 Warning: Warning (512): <span style="color:Red;text-align:left"><b>SQL Error:</b> 1267: Illegal mix of collations (latin1_swedish_ci,IMPLICIT) and (utf8_general_ci,COERCIBLE) for operation 'like'</span> in [/var/www/crdb/cake/libs/model/datasources/dbo_source.php, line 684]
2011-11-18 00:29:44 Warning: Warning (512): <span style="color:Red;text-align:left"><b>SQL Error:</b> 1267: Illegal mix of collations (latin1_swedish_ci,IMPLICIT) and (utf8_general_ci,COERCIBLE) for operation 'like'</span> in [/var/www/crdb/cake/libs/model/datasources/dbo_source.php, line 684]
2011-11-18 00:29:45 Warning: Warning (512): <span style="color:Red;text-align:left"><b>SQL Error:</b> 1267: Illegal mix of collations (latin1_swedish_ci,IMPLICIT) and (utf8_general_ci,COERCIBLE) for operation 'like'</span> in [/var/www/crdb/cake/libs/model/datasources/dbo_source.php, line 684]
2011-11-18 00:37:41 Warning: Warning (512): <span style="color:Red;text-align:left"><b>SQL Error:</b> 1267: Illegal mix of collations (latin1_swedish_ci,IMPLICIT) and (utf8_general_ci,COERCIBLE) for operation '='</span> in [/var/www/crdb/cake/libs/model/datasources/dbo_source.php, line 684]
2011-11-18 00:42:05 Warning: Warning (512): <span style="color:Red;text-align:left"><b>SQL Error:</b> 1064: You have an error in your SQL syntax; check the manual that corresponds to your MySQL server version for the right syntax to use near ''ÂÖ•Êú®'' at line 1</span> in [/var/www/crdb/cake/libs/model/datasources/dbo_source.php, line 684]
2011-12-10 21:45:42 Warning: Warning (512): <span style="color:Red;text-align:left"><b>SQL Error:</b> 1054: Unknown column 'User.username' in 'where clause'</span> in [/var/www/crdb/cake/libs/model/datasources/dbo_source.php, line 684]
2011-12-11 18:08:31 Warning: Warning (512): <span style="color:Red;text-align:left"><b>SQL Error:</b> 1064: You have an error in your SQL syntax; check the manual that corresponds to your MySQL server version for the right syntax to use near '' at line 1</span> in [/var/www/crdb/cake/libs/model/datasources/dbo_source.php, line 684]
2011-12-11 18:38:39 Warning: Warning (512): <span style="color:Red;text-align:left"><b>SQL Error:</b> 1064: You have an error in your SQL syntax; check the manual that corresponds to your MySQL server version for the right syntax to use near ';midashigo != NULL' at line 1</span> in [/var/www/crdb/cake/libs/model/datasources/dbo_source.php, line 684]
2011-12-11 18:52:41 Warning: Warning (512): <span style="color:Red;text-align:left"><b>SQL Error:</b> 1064: You have an error in your SQL syntax; check the manual that corresponds to your MySQL server version for the right syntax to use near '' at line 1</span> in [/var/www/crdb/cake/libs/model/datasources/dbo_source.php, line 684]
2011-12-11 18:52:54 Warning: Warning (512): <span style="color:Red;text-align:left"><b>SQL Error:</b> 1064: You have an error in your SQL syntax; check the manual that corresponds to your MySQL server version for the right syntax to use near '' at line 1</span> in [/var/www/crdb/cake/libs/model/datasources/dbo_source.php, line 684]
2011-12-11 18:53:36 Warning: Warning (512): <span style="color:Red;text-align:left"><b>SQL Error:</b> 1064: You have an error in your SQL syntax; check the manual that corresponds to your MySQL server version for the right syntax to use near '' at line 1</span> in [/var/www/crdb/cake/libs/model/datasources/dbo_source.php, line 684]
2011-12-11 18:53:57 Warning: Warning (512): <span style="color:Red;text-align:left"><b>SQL Error:</b> 1064: You have an error in your SQL syntax; check the manual that corresponds to your MySQL server version for the right syntax to use near '' at line 1</span> in [/var/www/crdb/cake/libs/model/datasources/dbo_source.php, line 684]
2011-12-11 18:54:03 Warning: Warning (512): <span style="color:Red;text-align:left"><b>SQL Error:</b> 1064: You have an error in your SQL syntax; check the manual that corresponds to your MySQL server version for the right syntax to use near '' at line 1</span> in [/var/www/crdb/cake/libs/model/datasources/dbo_source.php, line 684]
2011-12-11 18:54:33 Warning: Warning (512): <span style="color:Red;text-align:left"><b>SQL Error:</b> 1064: You have an error in your SQL syntax; check the manual that corresponds to your MySQL server version for the right syntax to use near '' at line 1</span> in [/var/www/crdb/cake/libs/model/datasources/dbo_source.php, line 684]
2011-12-11 20:01:17 Warning: Warning (2): Invalid argument supplied for foreach() in [/var/www/crdb/app/controllers/controls_controller.php, line 66]
2011-12-11 20:01:17 Warning: Warning (2): Invalid argument supplied for foreach() in [/var/www/crdb/app/controllers/controls_controller.php, line 72]
2011-12-11 20:01:17 Warning: Warning (2): Invalid argument supplied for foreach() in [/var/www/crdb/app/controllers/controls_controller.php, line 84]
2011-12-11 20:01:59 Warning: Warning (2): Invalid argument supplied for foreach() in [/var/www/crdb/app/controllers/controls_controller.php, line 67]
2011-12-11 20:01:59 Warning: Warning (2): Invalid argument supplied for foreach() in [/var/www/crdb/app/controllers/controls_controller.php, line 73]
2011-12-11 20:01:59 Warning: Warning (2): Invalid argument supplied for foreach() in [/var/www/crdb/app/controllers/controls_controller.php, line 85]
2011-12-11 21:21:52 Warning: Warning (512): <span style="color:Red;text-align:left"><b>SQL Error:</b> 1064: You have an error in your SQL syntax; check the manual that corresponds to your MySQL server version for the right syntax to use near 'SET itaiji1='', SET itaiji2='', SET seiten='', SET syozokuhen='?', SET syozokubu' at line 1</span> in [/var/www/crdb/cake/libs/model/datasources/dbo_source.php, line 684]
2011-12-11 21:24:43 Warning: Warning (512): <span style="color:Red;text-align:left"><b>SQL Error:</b> 1064: You have an error in your SQL syntax; check the manual that corresponds to your MySQL server version for the right syntax to use near 'SET itaiji1='' WHERE id=1' at line 1</span> in [/var/www/crdb/cake/libs/model/datasources/dbo_source.php, line 684]
2011-12-11 21:25:23 Warning: Warning (512): <span style="color:Red;text-align:left"><b>SQL Error:</b> 1064: You have an error in your SQL syntax; check the manual that corresponds to your MySQL server version for the right syntax to use near 'SET itaiji1='aaa' WHERE id=1' at line 1</span> in [/var/www/crdb/cake/libs/model/datasources/dbo_source.php, line 684]
2011-12-11 21:26:48 Warning: Warning (512): <span style="color:Red;text-align:left"><b>SQL Error:</b> 1064: You have an error in your SQL syntax; check the manual that corresponds to your MySQL server version for the right syntax to use near 'SET itaiji1='aaa' WHERE id=1' at line 1</span> in [/var/www/crdb/cake/libs/model/datasources/dbo_source.php, line 684]
2011-12-24 15:31:01 Warning: Warning (512): <span style="color:Red;text-align:left"><b>SQL Error:</b> 1064: You have an error in your SQL syntax; check the manual that corresponds to your MySQL server version for the right syntax to use near '= 2' at line 1</span> in [/var/www/crdb/cake/libs/model/datasources/dbo_source.php, line 684]
2011-12-24 17:16:37 Warning: Warning (2): Invalid argument supplied for foreach() in [/var/www/crdb/app/controllers/iroha_datas_controller.php, line 41]
2011-12-24 17:16:37 Warning: Warning (2): Invalid argument supplied for foreach() in [/var/www/crdb/app/controllers/iroha_datas_controller.php, line 47]
2011-12-24 17:17:04 Warning: Warning (2): Invalid argument supplied for foreach() in [/var/www/crdb/app/controllers/iroha_datas_controller.php, line 41]
2011-12-24 17:17:04 Warning: Warning (2): Invalid argument supplied for foreach() in [/var/www/crdb/app/controllers/iroha_datas_controller.php, line 47]
2011-12-24 17:20:02 Warning: Warning (2): Invalid argument supplied for foreach() in [/var/www/crdb/app/controllers/iroha_datas_controller.php, line 49]
2012-01-01 19:59:24 Warning: Warning (2): mysql_connect() [http://php.net/function.mysql-connect]: Access denied for user 'root'@'localhost' (using password: YES) in [/var/www/crdb/cake/libs/model/datasources/dbo/dbo_mysql.php, line 561]
2012-01-01 19:59:24 Warning: Warning (2): mysql_query() expects parameter 2 to be resource, boolean given in [/var/www/crdb/cake/libs/model/datasources/dbo/dbo_mysql.php, line 613]
2012-01-03 10:08:14 Warning: Warning (2): move_uploaded_file(/createtable_iroha2.sql) [http://php.net/function.move-uploaded-file]: failed to open stream: Permission denied in [/var/www/crdb/app/controllers/controls_controller.php, line 128]
2012-01-03 10:08:15 Warning: Warning (2): move_uploaded_file() [http://php.net/function.move-uploaded-file]: Unable to move '/tmp/phpsB9CEx' to '/createtable_iroha2.sql' in [/var/www/crdb/app/controllers/controls_controller.php, line 128]
2012-01-03 10:12:26 Warning: Warning (2): move_uploaded_file(/createtable_iroha2.sql) [http://php.net/function.move-uploaded-file]: failed to open stream: Permission denied in [/var/www/crdb/app/controllers/controls_controller.php, line 128]
2012-01-03 10:12:27 Warning: Warning (2): move_uploaded_file() [http://php.net/function.move-uploaded-file]: Unable to move '/tmp/phpk5TyAL' to '/createtable_iroha2.sql' in [/var/www/crdb/app/controllers/controls_controller.php, line 128]
2012-01-03 10:51:36 Warning: Warning (2): move_uploaded_file(/createtable_iroha2.sql) [http://php.net/function.move-uploaded-file]: failed to open stream: Permission denied in [/var/www/crdb/app/controllers/controls_controller.php, line 128]
2012-01-03 10:51:36 Warning: Warning (2): move_uploaded_file() [http://php.net/function.move-uploaded-file]: Unable to move '/tmp/phpFiYlHq' to '/createtable_iroha2.sql' in [/var/www/crdb/app/controllers/controls_controller.php, line 128]
2012-01-03 11:22:00 Warning: Warning (2): move_uploaded_file(/createtable_iroha2.sql) [http://php.net/function.move-uploaded-file]: failed to open stream: Permission denied in [/var/www/crdb/app/controllers/controls_controller.php, line 120]
2012-01-03 11:22:00 Warning: Warning (2): move_uploaded_file() [http://php.net/function.move-uploaded-file]: Unable to move '/tmp/phpyT5WXw' to '/createtable_iroha2.sql' in [/var/www/crdb/app/controllers/controls_controller.php, line 120]
2012-01-03 11:25:07 Warning: Warning (2): move_uploaded_file(/createtable_iroha2.sql) [http://php.net/function.move-uploaded-file]: failed to open stream: Permission denied in [/var/www/crdb/app/controllers/controls_controller.php, line 120]
2012-01-03 11:25:07 Warning: Warning (2): move_uploaded_file() [http://php.net/function.move-uploaded-file]: Unable to move '/tmp/phpRiYGsi' to '/createtable_iroha2.sql' in [/var/www/crdb/app/controllers/controls_controller.php, line 120]
2012-01-03 11:25:48 Warning: Warning (2): move_uploaded_file(/createtable_iroha2.sql) [http://php.net/function.move-uploaded-file]: failed to open stream: Permission denied in [/var/www/crdb/app/controllers/controls_controller.php, line 122]
2012-01-03 11:25:48 Warning: Warning (2): move_uploaded_file() [http://php.net/function.move-uploaded-file]: Unable to move '/tmp/phpraEG1D' to '/createtable_iroha2.sql' in [/var/www/crdb/app/controllers/controls_controller.php, line 122]
2012-01-03 11:26:33 Warning: Warning (2): chmod() [http://php.net/function.chmod]: No such file or directory in [/var/www/crdb/app/controllers/controls_controller.php, line 123]
2012-01-03 12:18:21 Warning: Warning (512): <span style="color:Red;text-align:left"><b>SQL Error:</b> 1064: You have an error in your SQL syntax; check the manual that corresponds to your MySQL server version for the right syntax to use near '/29, , , '', Ë®ì, , '', '„É©„Ç§', '', '', '„Ç§„Ç´„ÉÑ„ÉÅ', '„Ç§„Ç´„Ç∫„ÉÅ', '', 'Â' at line 1</span> in [/var/www/crdb/cake/libs/model/datasources/dbo_source.php, line 684]
2012-01-03 12:18:52 Warning: Warning (512): <span style="color:Red;text-align:left"><b>SQL Error:</b> 1064: You have an error in your SQL syntax; check the manual that corresponds to your MySQL server version for the right syntax to use near '/29, , , '', Ë®ì, , '', '„É©„Ç§', '', '', '„Ç§„Ç´„ÉÑ„ÉÅ', '„Ç§„Ç´„Ç∫„ÉÅ', '', 'Â' at line 1</span> in [/var/www/crdb/cake/libs/model/datasources/dbo_source.php, line 684]
2012-01-03 12:21:30 Warning: Warning (512): <span style="color:Red;text-align:left"><b>SQL Error:</b> 1064: You have an error in your SQL syntax; check the manual that corresponds to your MySQL server version for the right syntax to use near 'varchar, varchar, varchar, varchar, varchar, varchar, varchar, varchar, int, int' at line 1</span> in [/var/www/crdb/cake/libs/model/datasources/dbo_source.php, line 684]
2012-01-03 12:21:50 Warning: Warning (512): <span style="color:Red;text-align:left"><b>SQL Error:</b> 1064: You have an error in your SQL syntax; check the manual that corresponds to your MySQL server version for the right syntax to use near '/29, , , '', Ë®ì, , '', '„É©„Ç§', '', '', '„Ç§„Ç´„ÉÑ„ÉÅ', '„Ç§„Ç´„Ç∫„ÉÅ', '', 'Â' at line 1</span> in [/var/www/crdb/cake/libs/model/datasources/dbo_source.php, line 684]
2012-01-03 12:53:26 Warning: Warning (512): <span style="color:Red;text-align:left"><b>SQL Error:</b> 1064: You have an error in your SQL syntax; check the manual that corresponds to your MySQL server version for the right syntax to use near ' , '', Ë®ì, , '', '„É©„Ç§', '', '', '„Ç§„Ç´„ÉÑ„ÉÅ', '„Ç§„Ç´„Ç∫„ÉÅ', '', 'Âèà‰πç?' at line 1</span> in [/var/www/crdb/cake/libs/model/datasources/dbo_source.php, line 684]
2012-01-03 18:40:36 Warning: Warning (512): <span style="color:Red;text-align:left"><b>SQL Error:</b> 1064: You have an error in your SQL syntax; check the manual that corresponds to your MySQL server version for the right syntax to use near 'ORonnyomi_gendai LIKE '%„Éõ„Ç≤' OR kunnyomi LIKE '%„Éõ„Ç≤%' OR kunnyomi_gendai L' at line 1</span> in [/var/www/crdb/cake/libs/model/datasources/dbo_source.php, line 684]
2012-01-03 18:40:36 Warning: Warning (2): Invalid argument supplied for foreach() in [/var/www/crdb/app/views/iroha_datas/index.ctp, line 26]
2012-01-03 18:40:52 Warning: Warning (512): <span style="color:Red;text-align:left"><b>SQL Error:</b> 1064: You have an error in your SQL syntax; check the manual that corresponds to your MySQL server version for the right syntax to use near 'ORonnyomi_gendai LIKE '%hoge' OR kunnyomi LIKE '%hoge%' OR kunnyomi_gendai LIKE ' at line 1</span> in [/var/www/crdb/cake/libs/model/datasources/dbo_source.php, line 684]
2012-01-03 18:40:52 Warning: Warning (2): Invalid argument supplied for foreach() in [/var/www/crdb/app/views/iroha_datas/index.ctp, line 26]
2012-02-04 09:17:44 Warning: Warning (2): Invalid argument supplied for foreach() in [/var/www/crdb/app/controllers/iroha_datas_controller.php, line 131]
2012-02-04 09:18:35 Warning: Warning (2): Invalid argument supplied for foreach() in [/var/www/crdb/app/controllers/iroha_datas_controller.php, line 131]
2012-02-04 09:27:14 Warning: Warning (512): <span style="color:Red;text-align:left"><b>SQL Error:</b> 1064: You have an error in your SQL syntax; check the manual that corresponds to your MySQL server version for the right syntax to use near 'AND id NOT IN (436,SELECT id FROM iroha_datas WHERE (onnyomi LIKE '%„Ç§„Éû%' OR ' at line 1</span> in [/var/www/crdb/cake/libs/model/datasources/dbo_source.php, line 684]
2012-02-04 09:28:10 Warning: Warning (512): <span style="color:Red;text-align:left"><b>SQL Error:</b> 1064: You have an error in your SQL syntax; check the manual that corresponds to your MySQL server version for the right syntax to use near 'SELECT id FROM iroha_datas WHERE (onnyomi LIKE '%„Ç§„Éû%' OR onnyomi_gendai LIKE' at line 1</span> in [/var/www/crdb/cake/libs/model/datasources/dbo_source.php, line 684]
2012-02-04 09:34:49 Warning: Warning (512): <span style="color:Red;text-align:left"><b>SQL Error:</b> 1064: You have an error in your SQL syntax; check the manual that corresponds to your MySQL server version for the right syntax to use near ')' at line 1</span> in [/var/www/crdb/cake/libs/model/datasources/dbo_source.php, line 684]
2012-02-04 09:51:43 Warning: Warning (512): <span style="color:Red;text-align:left"><b>SQL Error:</b> 1065: Query was empty</span> in [/var/www/crdb/cake/libs/model/datasources/dbo_source.php, line 684]
2012-02-04 09:52:38 Warning: Warning (512): <span style="color:Red;text-align:left"><b>SQL Error:</b> 1065: Query was empty</span> in [/var/www/crdb/cake/libs/model/datasources/dbo_source.php, line 684]
2012-02-04 10:02:23 Warning: Warning (2): Invalid argument supplied for foreach() in [/var/www/crdb/app/views/iroha_datas/index.ctp, line 54]
2012-02-04 10:07:32 Warning: Warning (2): Invalid argument supplied for foreach() in [/var/www/crdb/app/views/iroha_datas/index.ctp, line 54]
2012-02-04 10:07:42 Warning: Warning (2): Invalid argument supplied for foreach() in [/var/www/crdb/app/views/iroha_datas/index.ctp, line 30]
2012-02-04 13:29:41 Warning: Warning (2): mysql_connect() [http://php.net/function.mysql-connect]: Can't connect to MySQL server on 'mysql407.db.sakura.ne.jp' (4) in [/var/www/crdb/cake/libs/model/datasources/dbo/dbo_mysql.php, line 561]
2012-02-04 13:29:41 Warning: Warning (2): mysql_query() expects parameter 2 to be resource, boolean given in [/var/www/crdb/cake/libs/model/datasources/dbo/dbo_mysql.php, line 613]
2012-02-04 13:30:10 Warning: Warning (2): mysql_connect() [http://php.net/function.mysql-connect]: Can't connect to MySQL server on 'mysql407.db.sakura.ne.jp' (4) in [/var/www/crdb/cake/libs/model/datasources/dbo/dbo_mysql.php, line 561]
2012-02-04 13:30:10 Warning: Warning (2): mysql_query() expects parameter 2 to be resource, boolean given in [/var/www/crdb/cake/libs/model/datasources/dbo/dbo_mysql.php, line 613]
2012-02-04 13:30:11 Warning: Warning (2): mysql_connect() [http://php.net/function.mysql-connect]: Can't connect to MySQL server on 'mysql407.db.sakura.ne.jp' (4) in [/var/www/crdb/cake/libs/model/datasources/dbo/dbo_mysql.php, line 561]
2012-02-04 13:30:11 Warning: Warning (2): mysql_query() expects parameter 2 to be resource, boolean given in [/var/www/crdb/cake/libs/model/datasources/dbo/dbo_mysql.php, line 613]
2012-02-04 13:30:13 Warning: Warning (2): mysql_connect() [http://php.net/function.mysql-connect]: Can't connect to MySQL server on 'mysql407.db.sakura.ne.jp' (4) in [/var/www/crdb/cake/libs/model/datasources/dbo/dbo_mysql.php, line 561]
2012-02-04 13:30:13 Warning: Warning (2): mysql_query() expects parameter 2 to be resource, boolean given in [/var/www/crdb/cake/libs/model/datasources/dbo/dbo_mysql.php, line 613]
2012-02-04 13:30:33 Warning: Warning (2): mysql_connect() [http://php.net/function.mysql-connect]: Can't connect to MySQL server on 'mysql407.db.sakura.ne.jp' (4) in [/var/www/crdb/cake/libs/model/datasources/dbo/dbo_mysql.php, line 561]
2012-02-04 13:30:33 Warning: Warning (2): mysql_query() expects parameter 2 to be resource, boolean given in [/var/www/crdb/cake/libs/model/datasources/dbo/dbo_mysql.php, line 613]
2012-02-04 13:30:33 Warning: Warning (2): mysql_connect() [http://php.net/function.mysql-connect]: Can't connect to MySQL server on 'mysql407.db.sakura.ne.jp' (4) in [/var/www/crdb/cake/libs/model/datasources/dbo/dbo_mysql.php, line 561]
2012-02-04 13:30:33 Warning: Warning (2): mysql_query() expects parameter 2 to be resource, boolean given in [/var/www/crdb/cake/libs/model/datasources/dbo/dbo_mysql.php, line 613]
2012-02-04 13:31:00 Warning: Warning (2): mysql_connect() [http://php.net/function.mysql-connect]: Can't connect to MySQL server on 'mysql407.db.sakura.ne.jp' (4) in [/var/www/crdb/cake/libs/model/datasources/dbo/dbo_mysql.php, line 561]
2012-02-04 13:31:00 Warning: Warning (2): mysql_query() expects parameter 2 to be resource, boolean given in [/var/www/crdb/cake/libs/model/datasources/dbo/dbo_mysql.php, line 613]
2012-08-04 18:09:18 Warning: Warning (2): mysql_connect() [http://php.net/function.mysql-connect]: Access denied for user 'root'@'localhost' (using password: YES) in [/var/www/crdb/cake/libs/model/datasources/dbo/dbo_mysql.php, line 561]
2012-08-04 18:09:18 Warning: Warning (2): mysql_query() expects parameter 2 to be resource, boolean given in [/var/www/crdb/cake/libs/model/datasources/dbo/dbo_mysql.php, line 613]
2012-08-19 19:47:20 Warning: Warning (2): Invalid argument supplied for foreach() in [/var/www/crdb/app/views/iroha_datas/index.ctp, line 100]
2012-08-19 19:49:11 Warning: Warning (2): Invalid argument supplied for foreach() in [/var/www/crdb/app/views/iroha_datas/index.ctp, line 100]
2012-08-19 20:02:18 Warning: Warning (2): Invalid argument supplied for foreach() in [/var/www/crdb/app/views/iroha_datas/index.ctp, line 100]
2012-08-19 20:02:25 Warning: Warning (2): Invalid argument supplied for foreach() in [/var/www/crdb/app/views/iroha_datas/index.ctp, line 100]
2012-08-19 20:02:33 Warning: Warning (2): Invalid argument supplied for foreach() in [/var/www/crdb/app/views/iroha_datas/index.ctp, line 100]
2012-08-19 20:02:39 Warning: Warning (2): Invalid argument supplied for foreach() in [/var/www/crdb/app/views/iroha_datas/index.ctp, line 100]
2012-08-19 20:07:09 Warning: Warning (2): Invalid argument supplied for foreach() in [/var/www/crdb/app/views/iroha_datas/index.ctp, line 100]
2012-08-19 20:07:54 Warning: Warning (2): Invalid argument supplied for foreach() in [/var/www/crdb/app/views/iroha_datas/index.ctp, line 100]
2012-08-19 20:09:00 Warning: Warning (2): Invalid argument supplied for foreach() in [/var/www/crdb/app/views/iroha_datas/index.ctp, line 100]
2012-08-19 20:09:13 Warning: Warning (2): Invalid argument supplied for foreach() in [/var/www/crdb/app/views/iroha_datas/index.ctp, line 100]
2012-09-01 15:04:16 Warning: Warning (512): <span style="color:Red;text-align:left"><b>SQL Error:</b> 1064: You have an error in your SQL syntax; check the manual that corresponds to your MySQL server version for the right syntax to use near 'TABKE iroha_datas AUTO_INCREMENT = 1' at line 1</span> in [/var/www/crdb/cake/libs/model/datasources/dbo_source.php, line 684]
2012-11-16 18:22:33 Warning: Warning (2): mysql_connect() [http://php.net/function.mysql-connect]: Can't connect to MySQL server on 'mysql407.db.sakura.ne.jp' (4) in [/home/smrmkt/public/crdb/cake/libs/model/datasources/dbo/dbo_mysql.php, line 561]
2012-11-16 18:22:33 Warning: Warning (2): mysql_query() expects parameter 2 to be resource, boolean given in [/home/smrmkt/public/crdb/cake/libs/model/datasources/dbo/dbo_mysql.php, line 613]
2012-11-16 18:22:34 Warning: Warning (2): mysql_connect() [http://php.net/function.mysql-connect]: Can't connect to MySQL server on 'mysql407.db.sakura.ne.jp' (4) in [/home/smrmkt/public/crdb/cake/libs/model/datasources/dbo/dbo_mysql.php, line 561]
2012-11-16 18:22:34 Warning: Warning (2): mysql_query() expects parameter 2 to be resource, boolean given in [/home/smrmkt/public/crdb/cake/libs/model/datasources/dbo/dbo_mysql.php, line 613]
2012-11-16 19:38:39 Warning: Warning (2): mysql_connect() [http://php.net/function.mysql-connect]: Can't connect to MySQL server on 'mysql407.db.sakura.ne.jp' (4) in [/home/smrmkt/public/crdb/cake/libs/model/datasources/dbo/dbo_mysql.php, line 561]
2012-11-16 19:38:39 Warning: Warning (2): mysql_query() expects parameter 2 to be resource, boolean given in [/home/smrmkt/public/crdb/cake/libs/model/datasources/dbo/dbo_mysql.php, line 613]
2012-11-16 19:38:42 Warning: Warning (2): mysql_connect() [http://php.net/function.mysql-connect]: Can't connect to MySQL server on 'mysql407.db.sakura.ne.jp' (4) in [/home/smrmkt/public/crdb/cake/libs/model/datasources/dbo/dbo_mysql.php, line 561]
2012-11-16 19:38:42 Warning: Warning (2): mysql_query() expects parameter 2 to be resource, boolean given in [/home/smrmkt/public/crdb/cake/libs/model/datasources/dbo/dbo_mysql.php, line 613]
2012-11-17 00:35:32 Warning: Warning (2): mysql_connect() [http://php.net/function.mysql-connect]: Can't connect to MySQL server on 'mysql407.db.sakura.ne.jp' (4) in [/home/smrmkt/public/crdb/cake/libs/model/datasources/dbo/dbo_mysql.php, line 561]
2012-11-17 00:35:32 Warning: Warning (2): mysql_query() expects parameter 2 to be resource, boolean given in [/home/smrmkt/public/crdb/cake/libs/model/datasources/dbo/dbo_mysql.php, line 613]
2012-11-23 17:00:50 Warning: Warning (2): Invalid argument supplied for foreach() in [/home/smrmkt/public/crdb/app/views/iroha_datas/search.ctp, line 130]
2012-11-23 17:01:18 Warning: Warning (2): Invalid argument supplied for foreach() in [/home/smrmkt/public/crdb/app/views/iroha_datas/search.ctp, line 130]
2012-11-23 18:20:59 Warning: Warning (2): Cannot modify header information - headers already sent by (output started at /home/smrmkt/public/crdb/cake/libs/debugger.php:683) in [/home/smrmkt/public/crdb/cake/libs/controller/controller.php, line 742]
2012-11-23 18:30:58 Warning: Warning (2): Missing argument 1 for SearchComponent::doYomiSearch(), called in /home/smrmkt/public/crdb/app/controllers/iroha_datas_controller.php on line 43 and defined in [/home/smrmkt/public/crdb/app/controllers/components/search.php, line 76]
2012-11-25 20:50:07 Warning: Warning (2): mysql_connect() [http://php.net/function.mysql-connect]: Can't connect to MySQL server on 'mysql407.db.sakura.ne.jp' (4) in [/home/smrmkt/public/crdb/cake/libs/model/datasources/dbo/dbo_mysql.php, line 561]
2012-11-25 20:50:07 Warning: Warning (2): mysql_query() expects parameter 2 to be resource, boolean given in [/home/smrmkt/public/crdb/cake/libs/model/datasources/dbo/dbo_mysql.php, line 613]
2013-01-18 08:48:47 Warning: Warning (2): mysql_connect() [http://php.net/function.mysql-connect]: Can't connect to MySQL server on 'mysql407.db.sakura.ne.jp' (4) in [/home/smrmkt/public/crdb/cake/libs/model/datasources/dbo/dbo_mysql.php, line 561]
2013-01-18 08:48:47 Warning: Warning (2): mysql_query() expects parameter 2 to be resource, boolean given in [/home/smrmkt/public/crdb/cake/libs/model/datasources/dbo/dbo_mysql.php, line 613]
2013-01-18 08:49:21 Warning: Warning (2): mysql_connect() [http://php.net/function.mysql-connect]: Can't connect to MySQL server on 'mysql407.db.sakura.ne.jp' (4) in [/home/smrmkt/public/crdb/cake/libs/model/datasources/dbo/dbo_mysql.php, line 561]
2013-01-18 08:49:21 Warning: Warning (2): mysql_query() expects parameter 2 to be resource, boolean given in [/home/smrmkt/public/crdb/cake/libs/model/datasources/dbo/dbo_mysql.php, line 613]
2013-01-18 08:59:46 Warning: Warning (512): Method SearchResultHelper::getChar does not exist in [/home/smrmkt/public/crdb/cake/libs/view/helper.php, line 154]
2013-01-18 09:52:33 Warning: Warning (2): mysql_connect() [http://php.net/function.mysql-connect]: Can't connect to MySQL server on 'mysql407.db.sakura.ne.jp' (4) in [/home/smrmkt/public/crdb/cake/libs/model/datasources/dbo/dbo_mysql.php, line 561]
2013-01-18 09:53:33 Warning: Warning (2): mysql_query() expects parameter 2 to be resource, boolean given in [/home/smrmkt/public/crdb/cake/libs/model/datasources/dbo/dbo_mysql.php, line 613]
2013-01-18 09:55:36 Warning: Warning (2): mysql_connect() [http://php.net/function.mysql-connect]: Can't connect to MySQL server on 'mysql407.db.sakura.ne.jp' (4) in [/home/smrmkt/public/crdb/cake/libs/model/datasources/dbo/dbo_mysql.php, line 561]
2013-01-18 09:55:36 Warning: Warning (2): mysql_query() expects parameter 2 to be resource, boolean given in [/home/smrmkt/public/crdb/cake/libs/model/datasources/dbo/dbo_mysql.php, line 613]
2013-01-18 09:55:50 Warning: Warning (2): mysql_connect() [http://php.net/function.mysql-connect]: Can't connect to MySQL server on 'mysql407.db.sakura.ne.jp' (4) in [/home/smrmkt/public/crdb/cake/libs/model/datasources/dbo/dbo_mysql.php, line 561]
2013-01-18 09:55:50 Warning: Warning (2): mysql_query() expects parameter 2 to be resource, boolean given in [/home/smrmkt/public/crdb/cake/libs/model/datasources/dbo/dbo_mysql.php, line 613]
2013-01-18 09:56:08 Warning: Warning (2): mysql_connect() [http://php.net/function.mysql-connect]: Can't connect to MySQL server on 'mysql407.db.sakura.ne.jp' (4) in [/home/smrmkt/public/crdb/cake/libs/model/datasources/dbo/dbo_mysql.php, line 561]
2013-01-18 09:56:08 Warning: Warning (2): mysql_query() expects parameter 2 to be resource, boolean given in [/home/smrmkt/public/crdb/cake/libs/model/datasources/dbo/dbo_mysql.php, line 613]
2013-02-09 11:32:09 Warning: Warning (2): mysql_connect() [http://php.net/function.mysql-connect]: Can't connect to MySQL server on 'mysql407.db.sakura.ne.jp' (4) in [/home/smrmkt/public/crdb/cake/libs/model/datasources/dbo/dbo_mysql.php, line 561]
2013-02-09 11:32:09 Warning: Warning (2): mysql_query() expects parameter 2 to be resource, boolean given in [/home/smrmkt/public/crdb/cake/libs/model/datasources/dbo/dbo_mysql.php, line 613]
2013-02-09 11:32:09 Warning: Warning (2): mysql_connect() [http://php.net/function.mysql-connect]: Can't connect to MySQL server on 'mysql407.db.sakura.ne.jp' (4) in [/home/smrmkt/public/crdb/cake/libs/model/datasources/dbo/dbo_mysql.php, line 561]
2013-02-09 11:33:10 Warning: Warning (2): mysql_query() expects parameter 2 to be resource, boolean given in [/home/smrmkt/public/crdb/cake/libs/model/datasources/dbo/dbo_mysql.php, line 613]
2013-03-03 13:54:33 Warning: Warning (2): mysql_connect() [http://php.net/function.mysql-connect]: Can't connect to MySQL server on 'mysql407.db.sakura.ne.jp' (4) in [/home/smrmkt/public/crdb/cake/libs/model/datasources/dbo/dbo_mysql.php, line 561]
2013-03-03 13:54:33 Warning: Warning (2): mysql_query() expects parameter 2 to be resource, boolean given in [/home/smrmkt/public/crdb/cake/libs/model/datasources/dbo/dbo_mysql.php, line 613]
2013-09-21 19:31:18 Warning: Warning (2): mysql_connect() [http://php.net/function.mysql-connect]: Can't connect to local MySQL server through socket '/var/run/mysqld/mysqld.sock' (2) in [/home/smrmkt/public/crdb/cake/libs/model/datasources/dbo/dbo_mysql.php, line 561]
2013-09-21 19:31:18 Warning: Warning (2): mysql_query() expects parameter 2 to be resource, boolean given in [/home/smrmkt/public/crdb/cake/libs/model/datasources/dbo/dbo_mysql.php, line 613]
2013-09-21 20:29:00 Warning: Warning (512): <span style="color:Red;text-align:left"><b>SQL Error:</b> 1064: You have an error in your SQL syntax; check the manual that corresponds to your MySQL server version for the right syntax to use near 'TABKE iroha_datas AUTO_INCREMENT = 1' at line 1</span> in [/home/smrmkt/public/crdb/cake/libs/model/datasources/dbo_source.php, line 684]
2013-09-21 20:32:02 Warning: Warning (512): <span style="color:Red;text-align:left"><b>SQL Error:</b> 1064: You have an error in your SQL syntax; check the manual that corresponds to your MySQL server version for the right syntax to use near 'TABKE iroha_datas AUTO_INCREMENT = 1' at line 1</span> in [/home/smrmkt/public/crdb/cake/libs/model/datasources/dbo_source.php, line 684]
2013-09-21 20:51:52 Warning: Warning (512): <span style="color:Red;text-align:left"><b>SQL Error:</b> 1064: You have an error in your SQL syntax; check the manual that corresponds to your MySQL server version for the right syntax to use near 'OR id =  OR id =  OR id =  OR id =  OR id =  OR id =  OR id =  OR id =  OR id = ' at line 1</span> in [/home/smrmkt/public/crdb/cake/libs/model/datasources/dbo_source.php, line 684]
2013-09-21 20:55:54 Warning: Warning (512): <span style="color:Red;text-align:left"><b>SQL Error:</b> 1064: You have an error in your SQL syntax; check the manual that corresponds to your MySQL server version for the right syntax to use near 'OR id =  OR id =  OR id =  OR id =  OR id =  OR id =  OR id =  OR id =  OR id = ' at line 1</span> in [/home/smrmkt/public/crdb/cake/libs/model/datasources/dbo_source.php, line 684]
2013-09-21 20:59:16 Warning: Warning (512): <span style="color:Red;text-align:left"><b>SQL Error:</b> 1064: You have an error in your SQL syntax; check the manual that corresponds to your MySQL server version for the right syntax to use near 'OR id =  OR id =  OR id =  OR id =  OR id =  OR id =  OR id =  OR id =  OR id = ' at line 1</span> in [/home/smrmkt/public/crdb/cake/libs/model/datasources/dbo_source.php, line 684]
2013-09-21 21:18:26 Warning: Warning (512): <span style="color:Red;text-align:left"><b>SQL Error:</b> 1064: You have an error in your SQL syntax; check the manual that corresponds to your MySQL server version for the right syntax to use near 'OR id =  OR id =  OR id =  OR id =  OR id =  OR id =  OR id =  OR id =  OR id = ' at line 1</span> in [/home/smrmkt/public/crdb/cake/libs/model/datasources/dbo_source.php, line 684]
2013-10-08 23:49:29 Warning: Warning (2): mysql_connect() [http://php.net/function.mysql-connect]: Unknown MySQL server host 'mysql477.db.sakura.ne.jp' (2) in [/home/smrmkt/public/crdb/cake/libs/model/datasources/dbo/dbo_mysql.php, line 561]
2013-10-08 23:49:29 Warning: Warning (2): mysql_query() expects parameter 2 to be resource, boolean given in [/home/smrmkt/public/crdb/cake/libs/model/datasources/dbo/dbo_mysql.php, line 613]
2013-11-06 22:59:41 Warning: Warning (2): mysql_connect() [http://php.net/function.mysql-connect]: Unknown MySQL server host 'mysql477.db.sakura.ne.jp' (2) in [/home/smrmkt/public/crdb/cake/libs/model/datasources/dbo/dbo_mysql.php, line 561]
2013-11-06 22:59:41 Warning: Warning (2): mysql_query() expects parameter 2 to be resource, boolean given in [/home/smrmkt/public/crdb/cake/libs/model/datasources/dbo/dbo_mysql.php, line 613]
